This is pdfTeX, Version 3.141592653-2.6-1.40.28 (MiKTeX 25.12) (preloaded format=pdflatex 2026.4.27)  15 MAY 2026 10:59
entering extended mode
 restricted \write18 enabled.
 %&-line parsing enabled.
**./main.tex
(main.tex
LaTeX2e <2025-11-01>
L3 programming layer <2025-12-24>

(C:\Users\39583\AppData\Local\Programs\MiKTeX\tex/latex/elsarticle\elsarticle.c
ls
Document Class: elsarticle 2026/01/09, 3.5: Elsevier Ltd
(C:\Users\39583\AppData\Local\Programs\MiKTeX\tex/latex/base\fontenc.sty
Package: fontenc 2025/07/18 v2.1d Standard LaTeX package
)
(C:\Users\39583\AppData\Local\Programs\MiKTeX\tex/latex/l3kernel\expl3.sty
Package: expl3 2025-12-24 L3 programming layer (loader) 

(C:\Users\39583\AppData\Local\Programs\MiKTeX\tex/latex/l3backend\l3backend-pdf
tex.def
File: l3backend-pdftex.def 2025-10-09 L3 backend support: PDF output (pdfTeX)
\l__color_backend_stack_int=\count275
))
(C:\Users\39583\AppData\Local\Programs\MiKTeX\tex/latex/l3packages/xparse\xpars
e.sty
Package: xparse 2025-10-09 L3 Experimental document command parser
)
(C:\Users\39583\AppData\Local\Programs\MiKTeX\tex/latex/etoolbox\etoolbox.sty
Package: etoolbox 2025/10/02 v2.5m e-TeX tools for LaTeX (JAW)
\etb@tempcnta=\count276
)
\@bls=\dimen148

(C:\Users\39583\AppData\Local\Programs\MiKTeX\tex/latex/base\article.cls
Document Class: article 2025/01/22 v1.4n Standard LaTeX document class
(C:\Users\39583\AppData\Local\Programs\MiKTeX\tex/latex/base\size10.clo
File: size10.clo 2025/01/22 v1.4n Standard LaTeX file (size option)
)
\c@part=\count277
\c@section=\count278
\c@subsection=\count279
\c@subsubsection=\count280
\c@paragraph=\count281
\c@subparagraph=\count282
\c@figure=\count283
\c@table=\count284
\abovecaptionskip=\skip49
\belowcaptionskip=\skip50
\bibindent=\dimen149
)
(C:\Users\39583\AppData\Local\Programs\MiKTeX\tex/latex/graphics\graphicx.sty
Package: graphicx 2024/12/31 v1.2e Enhanced LaTeX Graphics (DPC,SPQR)

(C:\Users\39583\AppData\Local\Programs\MiKTeX\tex/latex/graphics\keyval.sty
Package: keyval 2022/05/29 v1.15 key=value parser (DPC)
\KV@toks@=\toks17
)
(C:\Users\39583\AppData\Local\Programs\MiKTeX\tex/latex/graphics\graphics.sty
Package: graphics 2024/08/06 v1.4g Standard LaTeX Graphics (DPC,SPQR)

(C:\Users\39583\AppData\Local\Programs\MiKTeX\tex/latex/graphics\trig.sty
Package: trig 2023/12/02 v1.11 sin cos tan (DPC)
)
(C:\Users\39583\AppData\Local\Programs\MiKTeX\tex/latex/graphics-cfg\graphics.c
fg
File: graphics.cfg 2016/06/04 v1.11 sample graphics configuration
)
Package graphics Info: Driver file: pdftex.def on input line 106.

(C:\Users\39583\AppData\Local\Programs\MiKTeX\tex/latex/graphics-def\pdftex.def
File: pdftex.def 2025/09/29 v1.2d Graphics/color driver for pdftex
))
\Gin@req@height=\dimen150
\Gin@req@width=\dimen151
)
\c@tnote=\count285
\c@fnote=\count286
\c@cnote=\count287
\c@ead=\count288
\c@elsarticle@author=\count289
\@eadauthor=\toks18
\c@affn=\count290
\absbox=\box53
\elsarticlehighlightsbox=\box54
\elsarticlegrabsbox=\box55
\keybox=\box56
\Columnwidth=\dimen152
\space@left=\dimen153
\els@boxa=\box57
\els@boxb=\box58
\leftMargin=\dimen154
\@enLab=\toks19
\@sep=\skip51
\@@sep=\skip52
 (main.spl)
(C:\Users\39583\AppData\Local\Programs\MiKTeX\tex/latex/natbib\natbib.sty
Package: natbib 2010/09/13 8.31b (PWD, AO)
\bibhang=\skip53
\bibsep=\skip54
LaTeX Info: Redefining \cite on input line 694.
\c@NAT@ctr=\count291
)
\splwrite=\write3
\openout3 = `main.spl'.

\appnamewidth=\dimen155
)
(C:\Users\39583\AppData\Local\Programs\MiKTeX\tex/latex/booktabs\booktabs.sty
Package: booktabs 2020/01/12 v1.61803398 Publication quality tables
\heavyrulewidth=\dimen156
\lightrulewidth=\dimen157
\cmidrulewidth=\dimen158
\belowrulesep=\dimen159
\belowbottomsep=\dimen160
\aboverulesep=\dimen161
\abovetopsep=\dimen162
\cmidrulesep=\dimen163
\cmidrulekern=\dimen164
\defaultaddspace=\dimen165
\@cmidla=\count292
\@cmidlb=\count293
\@aboverulesep=\dimen166
\@belowrulesep=\dimen167
\@thisruleclass=\count294
\@lastruleclass=\count295
\@thisrulewidth=\dimen168
)
(C:\Users\39583\AppData\Local\Programs\MiKTeX\tex/latex/float\float.sty
Package: float 2001/11/08 v1.3d Float enhancements (AL)
\c@float@type=\count296
\float@exts=\toks20
\float@box=\box59
\@float@everytoks=\toks21
\@floatcapt=\box60
)
(C:\Users\39583\AppData\Local\Programs\MiKTeX\tex/latex/amsmath\amsmath.sty
Package: amsmath 2025/07/09 v2.17z AMS math features
\@mathmargin=\skip55

For additional information on amsmath, use the `?' option.
(C:\Users\39583\AppData\Local\Programs\MiKTeX\tex/latex/amsmath\amstext.sty
Package: amstext 2024/11/17 v2.01 AMS text

(C:\Users\39583\AppData\Local\Programs\MiKTeX\tex/latex/amsmath\amsgen.sty
File: amsgen.sty 1999/11/30 v2.0 generic functions
\@emptytoks=\toks22
\ex@=\dimen169
))
(C:\Users\39583\AppData\Local\Programs\MiKTeX\tex/latex/amsmath\amsbsy.sty
Package: amsbsy 1999/11/29 v1.2d Bold Symbols
\pmbraise@=\dimen170
)
(C:\Users\39583\AppData\Local\Programs\MiKTeX\tex/latex/amsmath\amsopn.sty
Package: amsopn 2022/04/08 v2.04 operator names
)
\inf@bad=\count297
LaTeX Info: Redefining \frac on input line 233.
\uproot@=\count298
\leftroot@=\count299
LaTeX Info: Redefining \overline on input line 398.
LaTeX Info: Redefining \colon on input line 409.
\classnum@=\count300
\DOTSCASE@=\count301
LaTeX Info: Redefining \ldots on input line 495.
LaTeX Info: Redefining \dots on input line 498.
LaTeX Info: Redefining \cdots on input line 619.
\Mathstrutbox@=\box61
\strutbox@=\box62
LaTeX Info: Redefining \big on input line 721.
LaTeX Info: Redefining \Big on input line 722.
LaTeX Info: Redefining \bigg on input line 723.
LaTeX Info: Redefining \Bigg on input line 724.
\big@size=\dimen171
LaTeX Font Info:    Redeclaring font encoding OML on input line 742.
LaTeX Font Info:    Redeclaring font encoding OMS on input line 743.
\macc@depth=\count302
LaTeX Info: Redefining \bmod on input line 904.
LaTeX Info: Redefining \pmod on input line 909.
LaTeX Info: Redefining \smash on input line 939.
LaTeX Info: Redefining \relbar on input line 969.
LaTeX Info: Redefining \Relbar on input line 970.
\c@MaxMatrixCols=\count303
\dotsspace@=\muskip17
\c@parentequation=\count304
\dspbrk@lvl=\count305
\tag@help=\toks23
\row@=\count306
\column@=\count307
\maxfields@=\count308
\andhelp@=\toks24
\eqnshift@=\dimen172
\alignsep@=\dimen173
\tagshift@=\dimen174
\tagwidth@=\dimen175
\totwidth@=\dimen176
\lineht@=\dimen177
\@envbody=\toks25
\multlinegap=\skip56
\multlinetaggap=\skip57
\mathdisplay@stack=\toks26
LaTeX Info: Redefining \[ on input line 2950.
LaTeX Info: Redefining \] on input line 2951.
)
(C:\Users\39583\AppData\Local\Programs\MiKTeX\tex/latex/amsfonts\amssymb.sty
Package: amssymb 2013/01/14 v3.01 AMS font symbols

(C:\Users\39583\AppData\Local\Programs\MiKTeX\tex/latex/amsfonts\amsfonts.sty
Package: amsfonts 2013/01/14 v3.01 Basic AMSFonts support
\symAMSa=\mathgroup4
\symAMSb=\mathgroup5
LaTeX Font Info:    Redeclaring math symbol \hbar on input line 98.
LaTeX Font Info:    Overwriting math alphabet `\mathfrak' in version `bold'
(Font)                  U/euf/m/n --> U/euf/b/n on input line 106.
)) (C:\Users\39583\AppData\Local\Programs\MiKTeX\tex/latex/bbm\bbm.sty
Package: bbm 1999/03/15 V 1.2 provides fonts for set symbols - TH
LaTeX Font Info:    Overwriting math alphabet `\mathbbm' in version `bold'
(Font)                  U/bbm/m/n --> U/bbm/bx/n on input line 33.
LaTeX Font Info:    Overwriting math alphabet `\mathbbmss' in version `bold'
(Font)                  U/bbmss/m/n --> U/bbmss/bx/n on input line 35.
)
(C:\Users\39583\AppData\Local\Programs\MiKTeX\tex/latex/hyperref\hyperref.sty
Package: hyperref 2025-07-12 v7.01o Hypertext links for LaTeX

(C:\Users\39583\AppData\Local\Programs\MiKTeX\tex/generic/iftex\iftex.sty
Package: iftex 2024/12/12 v1.0g TeX engine tests
)
(C:\Users\39583\AppData\Local\Programs\MiKTeX\tex/latex/kvsetkeys\kvsetkeys.sty
Package: kvsetkeys 2022-10-05 v1.19 Key value parser (HO)
)
(C:\Users\39583\AppData\Local\Programs\MiKTeX\tex/generic/kvdefinekeys\kvdefine
keys.sty
Package: kvdefinekeys 2019-12-19 v1.6 Define keys (HO)
)
(C:\Users\39583\AppData\Local\Programs\MiKTeX\tex/generic/pdfescape\pdfescape.s
ty
Package: pdfescape 2019/12/09 v1.15 Implements pdfTeX's escape features (HO)

(C:\Users\39583\AppData\Local\Programs\MiKTeX\tex/generic/ltxcmds\ltxcmds.sty
Package: ltxcmds 2023-12-04 v1.26 LaTeX kernel commands for general use (HO)
)
(C:\Users\39583\AppData\Local\Programs\MiKTeX\tex/generic/pdftexcmds\pdftexcmds
.sty
Package: pdftexcmds 2020-06-27 v0.33 Utility functions of pdfTeX for LuaTeX (HO
)

(C:\Users\39583\AppData\Local\Programs\MiKTeX\tex/generic/infwarerr\infwarerr.s
ty
Package: infwarerr 2019/12/03 v1.5 Providing info/warning/error messages (HO)
)
Package pdftexcmds Info: \pdf@primitive is available.
Package pdftexcmds Info: \pdf@ifprimitive is available.
Package pdftexcmds Info: \pdfdraftmode found.
))
(C:\Users\39583\AppData\Local\Programs\MiKTeX\tex/latex/hycolor\hycolor.sty
Package: hycolor 2020-01-27 v1.10 Color options for hyperref/bookmark (HO)
)
(C:\Users\39583\AppData\Local\Programs\MiKTeX\tex/latex/hyperref\nameref.sty
Package: nameref 2025-06-21 v2.57 Cross-referencing by name of section

(C:\Users\39583\AppData\Local\Programs\MiKTeX\tex/latex/refcount\refcount.sty
Package: refcount 2019/12/15 v3.6 Data extraction from label references (HO)
)
(C:\Users\39583\AppData\Local\Programs\MiKTeX\tex/generic/gettitlestring\gettit
lestring.sty
Package: gettitlestring 2019/12/15 v1.6 Cleanup title references (HO)

(C:\Users\39583\AppData\Local\Programs\MiKTeX\tex/latex/kvoptions\kvoptions.sty
Package: kvoptions 2022-06-15 v3.15 Key value format for package options (HO)
))
\c@section@level=\count309
)
(C:\Users\39583\AppData\Local\Programs\MiKTeX\tex/generic/stringenc\stringenc.s
ty
Package: stringenc 2019/11/29 v1.12 Convert strings between diff. encodings (HO
)
)
\@linkdim=\dimen178
\Hy@linkcounter=\count310
\Hy@pagecounter=\count311
 (C:\Users\39583\AppData\Local\Programs\MiKTeX\tex/latex/hyperref\pd1enc.def
File: pd1enc.def 2025-07-12 v7.01o Hyperref: PDFDocEncoding definition (HO)
Now handling font encoding PD1 ...
... no UTF-8 mapping file for font encoding PD1
) (C:\Users\39583\AppData\Local\Programs\MiKTeX\tex/generic/intcalc\intcalc.sty
Package: intcalc 2019/12/15 v1.3 Expandable calculations with integers (HO)
)
\Hy@SavedSpaceFactor=\count312
 (C:\Users\39583\AppData\Local\Programs\MiKTeX\tex/latex/hyperref\puenc.def
File: puenc.def 2025-07-12 v7.01o Hyperref: PDF Unicode definition (HO)
Now handling font encoding PU ...
... no UTF-8 mapping file for font encoding PU
)
Package hyperref Info: Hyper figures OFF on input line 4195.
Package hyperref Info: Link nesting OFF on input line 4200.
Package hyperref Info: Hyper index ON on input line 4203.
Package hyperref Info: Plain pages OFF on input line 4210.
Package hyperref Info: Backreferencing OFF on input line 4215.
Package hyperref Info: Implicit mode ON; LaTeX internals redefined.
Package hyperref Info: Bookmarks ON on input line 4462.
\c@Hy@tempcnt=\count313

(C:\Users\39583\AppData\Local\Programs\MiKTeX\tex/latex/url\url.sty
\Urlmuskip=\muskip18
Package: url 2013/09/16  ver 3.4  Verb mode for urls, etc.
)
LaTeX Info: Redefining \url on input line 4801.
\XeTeXLinkMargin=\dimen179

(C:\Users\39583\AppData\Local\Programs\MiKTeX\tex/generic/bitset\bitset.sty
Package: bitset 2019/12/09 v1.3 Handle bit-vector datatype (HO)

(C:\Users\39583\AppData\Local\Programs\MiKTeX\tex/generic/bigintcalc\bigintcalc
.sty
Package: bigintcalc 2019/12/15 v1.5 Expandable calculations on big integers (HO
)
))
\Fld@menulength=\count314
\Field@Width=\dimen180
\Fld@charsize=\dimen181
Package hyperref Info: Hyper figures OFF on input line 6078.
Package hyperref Info: Link nesting OFF on input line 6083.
Package hyperref Info: Hyper index ON on input line 6086.
Package hyperref Info: backreferencing OFF on input line 6093.
Package hyperref Info: Link coloring OFF on input line 6098.
Package hyperref Info: Link coloring with OCG OFF on input line 6103.
Package hyperref Info: PDF/A mode OFF on input line 6108.
\Hy@abspage=\count315
\c@Item=\count316
\c@Hfootnote=\count317
)
Package hyperref Info: Driver (autodetected): hpdftex.

(C:\Users\39583\AppData\Local\Programs\MiKTeX\tex/latex/hyperref\hpdftex.def
File: hpdftex.def 2025-07-12 v7.01o Hyperref driver for pdfTeX
\Fld@listcount=\count318
\c@bookmark@seq@number=\count319

(C:\Users\39583\AppData\Local\Programs\MiKTeX\tex/latex/rerunfilecheck\rerunfil
echeck.sty
Package: rerunfilecheck 2025-06-21 v1.11 Rerun checks for auxiliary files (HO)

(C:\Users\39583\AppData\Local\Programs\MiKTeX\tex/generic/uniquecounter\uniquec
ounter.sty
Package: uniquecounter 2019/12/15 v1.4 Provide unlimited unique counter (HO)
)
Package uniquecounter Info: New unique counter `rerunfilecheck' on input line 2
84.
)
\Hy@SectionHShift=\skip58
) (main.aux

LaTeX Warning: Label `tab:mnl_sensitivity_summary' multiply defined.

)
\openout1 = `main.aux'.

LaTeX Font Info:    Checking defaults for OML/cmm/m/it on input line 42.
LaTeX Font Info:    ... okay on input line 42.
LaTeX Font Info:    Checking defaults for OMS/cmsy/m/n on input line 42.
LaTeX Font Info:    ... okay on input line 42.
LaTeX Font Info:    Checking defaults for OT1/cmr/m/n on input line 42.
LaTeX Font Info:    ... okay on input line 42.
LaTeX Font Info:    Checking defaults for T1/cmr/m/n on input line 42.
LaTeX Font Info:    ... okay on input line 42.
LaTeX Font Info:    Checking defaults for TS1/cmr/m/n on input line 42.
LaTeX Font Info:    ... okay on input line 42.
LaTeX Font Info:    Checking defaults for OMX/cmex/m/n on input line 42.
LaTeX Font Info:    ... okay on input line 42.
LaTeX Font Info:    Checking defaults for U/cmr/m/n on input line 42.
LaTeX Font Info:    ... okay on input line 42.
LaTeX Font Info:    Checking defaults for PD1/pdf/m/n on input line 42.
LaTeX Font Info:    ... okay on input line 42.
LaTeX Font Info:    Checking defaults for PU/pdf/m/n on input line 42.
LaTeX Font Info:    ... okay on input line 42.

(C:\Users\39583\AppData\Local\Programs\MiKTeX\tex/context/base/mkii\supp-pdf.mk
ii
[Loading MPS to PDF converter (version 2006.09.02).]
\scratchcounter=\count320
\scratchdimen=\dimen182
\scratchbox=\box63
\nofMPsegments=\count321
\nofMParguments=\count322
\everyMPshowfont=\toks27
\MPscratchCnt=\count323
\MPscratchDim=\dimen183
\MPnumerator=\count324
\makeMPintoPDFobject=\count325
\everyMPtoPDFconversion=\toks28
)
(C:\Users\39583\AppData\Local\Programs\MiKTeX\tex/latex/epstopdf-pkg\epstopdf-b
ase.sty
Package: epstopdf-base 2020-01-24 v2.11 Base part for package epstopdf
Package epstopdf-base Info: Redefining graphics rule for `.eps' on input line 4
85.

(C:\Users\39583\AppData\Local\Programs\MiKTeX\tex/latex/00miktex\epstopdf-sys.c
fg
File: epstopdf-sys.cfg 2021/03/18 v2.0 Configuration of epstopdf for MiKTeX
))
Package hyperref Info: Link coloring OFF on input line 42.
 (main.out) (main.out)
\@outlinefile=\write4
\openout4 = `main.out'.

 (sections/abstract.tex)
LaTeX Font Info:    Trying to load font information for U+msa on input line 63.


(C:\Users\39583\AppData\Local\Programs\MiKTeX\tex/latex/amsfonts\umsa.fd
File: umsa.fd 2013/01/14 v3.01 AMS symbols A
)
LaTeX Font Info:    Trying to load font information for U+msb on input line 63.


(C:\Users\39583\AppData\Local\Programs\MiKTeX\tex/latex/amsfonts\umsb.fd
File: umsb.fd 2013/01/14 v3.01 AMS symbols B
)
[1


{C:/Users/39583/AppData/Local/MiKTeX/fonts/map/pdftex/pdftex.map}{C:/Users/3958
3/AppData/Local/Programs/MiKTeX/fonts/enc/dvips/cm-super/cm-super-t1.enc}]
(sections/introduction.tex [2]) (sections/related_work.tex [3] [4] [5])
(sections/problem.tex [6]
Underfull \hbox (badness 10000) in paragraph at lines 31--31
[]$\OML/cmm/m/it/9 b \OT1/cmr/m/n/9 =
 []


LaTeX Warning: Float too large for page by 44.51443pt on input line 62.

[7] [8{C:/Users/39583/AppData/Local/Programs/MiKTeX/fonts/enc/dvips/cm-super/cm
-super-ts1.enc}] [9]) (sections/method.tex [10] [11]
Overfull \hbox (154.61618pt too wide) in paragraph at lines 36--53
 [][] 
 []

[12] [13] [14] [15]
Overfull \hbox (13.19287pt too wide) in paragraph at lines 132--139
[]\T1/cmr/m/n/10 The no-filter vari-ant dis-ables ETA pre-filtering (\T1/cmtt/m
/n/10 menu_time_filtering=False\T1/cmr/m/n/10 ),
 []

[16] [17]
Underfull \hbox (badness 10000) in paragraph at lines 169--169
\T1/cmr/m/n/9 bench-mark and
 []


Underfull \hbox (badness 10000) in paragraph at lines 169--169
\T1/cmr/m/n/9 ETA-identification
 []


Underfull \hbox (badness 2142) in paragraph at lines 169--169
[]\T1/cmr/m/n/9 Candidate-set dis-tor-
 []


Underfull \hbox (badness 1590) in paragraph at lines 169--169
\T1/cmr/m/n/9 tion, fil-ter be-hav-ior,
 []


Underfull \hbox (badness 10000) in paragraph at lines 169--169
\T1/cmr/m/n/9 displayed-offer di-ag-
 []


Underfull \hbox (badness 10000) in paragraph at lines 169--169
[]\T1/cmr/m/n/9 Strong operator-
 []


Underfull \hbox (badness 10000) in paragraph at lines 169--169
\T1/cmr/m/n/9 impact claims,
 []


Underfull \hbox (badness 10000) in paragraph at lines 169--169
\T1/cmr/m/n/9 demand-calibration
 []


Underfull \hbox (badness 5908) in paragraph at lines 169--169
\T1/cmr/m/n/9 pre-dic-tions, or sta-
 []


Underfull \hbox (badness 2644) in paragraph at lines 169--169
\T1/cmr/m/n/9 ble wel-fare rank-ings
 []


Underfull \hbox (badness 10000) in paragraph at lines 169--169
\T1/cmr/m/n/9 across pa-ram-e-ter
 []


Underfull \hbox (badness 10000) in paragraph at lines 169--169
[]\T1/cmr/m/n/9 Behavioral
 []


Underfull \hbox (badness 10000) in paragraph at lines 169--169
\T1/cmr/m/n/9 cal-i-bra-tion and
 []


Underfull \hbox (badness 10000) in paragraph at lines 169--169
\T1/cmr/m/n/9 pric-ing/welfare
 []


Underfull \hbox (badness 5091) in paragraph at lines 169--169
[]\T1/cmr/m/n/9 Pricing and wel-fare
 []


Underfull \hbox (badness 10000) in paragraph at lines 169--169
[]\T1/cmr/m/n/9 Directional con-
 []


Underfull \hbox (badness 10000) in paragraph at lines 169--169
\T1/cmr/m/n/9 sis-tency across
 []


Underfull \hbox (badness 10000) in paragraph at lines 169--169
\T1/cmr/m/n/9 real-world-derived
 []


Underfull \hbox (badness 10000) in paragraph at lines 169--169
[]\T1/cmr/m/n/9 Stable in-ter-val es-
 []


Underfull \hbox (badness 3668) in paragraph at lines 169--169
\T1/cmr/m/n/9 ti-mates, broad ge-o-
 []


Underfull \hbox (badness 10000) in paragraph at lines 169--169
\T1/cmr/m/n/9 graphic gen-er-al-iza-
 []


Underfull \hbox (badness 2205) in paragraph at lines 169--169
\T1/cmr/m/n/9 tion, or city-specific
 []


Underfull \hbox (badness 10000) in paragraph at lines 169--169
\T1/cmr/m/n/9 op-er-a-tional rec-om-
 []


Underfull \hbox (badness 4072) in paragraph at lines 169--169
[]\T1/cmr/m/n/9 Archival di-ag-
 []


Underfull \hbox (badness 2426) in paragraph at lines 169--169
[]\T1/cmr/m/n/9 Earlier sen-si-tiv-ity
 []


Underfull \hbox (badness 10000) in paragraph at lines 169--169
\T1/cmr/m/n/9 and de-vel-op-ment
 []


Underfull \hbox (badness 10000) in paragraph at lines 169--169
[]\T1/cmr/m/n/9 Implementation
 []


Underfull \hbox (badness 10000) in paragraph at lines 169--169
\T1/cmr/m/n/9 his-tory and rough
 []


Underfull \hbox (badness 1199) in paragraph at lines 169--169
[]\T1/cmr/m/n/9 Confirmatory ro-bust-
 []


Underfull \hbox (badness 1728) in paragraph at lines 169--169
\T1/cmr/m/n/9 ness un-der the cur-
 []

) (sections/experiments.tex [18] [19] [20]
Overfull \hbox (0.42255pt too wide) in paragraph at lines 23--31
 []\T1/cmr/m/it/10 Evaluation state..[] \T1/cmr/m/n/10 Eval-u-a-tion check-poin
ts are loaded with the learned ETA/IVT
 []


Overfull \hbox (7.08069pt too wide) in paragraph at lines 32--42
\T1/cmr/m/n/10 traces for each pol-icy, and stores nor-mal-ized sum-maries un-d
er \T1/cmtt/m/n/10 outputs/studies/\T1/cmr/m/n/10 .
 []


Overfull \hbox (96.6977pt too wide) in paragraph at lines 32--42
\T1/cmr/m/n/10 Paper-facing ta-bles and fig-ures are gen-er-ated from those sum
-maries via \T1/cmtt/m/n/10 scripts/build_artifacts.py
 []


Overfull \hbox (8.20305pt too wide) detected at line 46
[] \OT1/cmr/m/n/10 = [] \OMS/cmsy/m/n/10 ^^@ [] ^^@ [] ^^@ [] ^^@ []\OML/cmm/m/
it/10 :
 []

[21]) (sections/results.tex
(../artifacts/tables/phase29_exact_greedy_gap_summary.tex
Underfull \hbox (badness 10000) in paragraph at lines 19--19
[]\T1/cmr/m/n/8 exact bench-
 []

) [22] (../artifacts/tables/phase30_robust_filtering_summary.tex
Underfull \hbox (badness 10000) in paragraph at lines 20--20
[]\T1/cmr/m/n/9 calibrated ETA
 []


Underfull \hbox (badness 10000) in paragraph at lines 20--20
[]\T1/cmr/m/n/9 interval-overlap
 []

) [23]
Overfull \hbox (5.22266pt too wide) in paragraph at lines 29--30
\T1/cmr/m/n/10 show that false-negative prun-ing con-cen-trates in the far dis-
tance band ($\OML/cmm/m/it/10 >$\T1/cmr/m/n/10 1500m):
 []

(../artifacts/tables/phase31_uptake_menu_value_summary.tex)
Overfull \hbox (4.31035pt too wide) in paragraph at lines 41--42
 []\T1/cmr/m/it/10 Regime-specific trade-offs..[] \T1/cmr/m/n/10 The pricing-ru
le com-par-i-son re-veals regime-dependent
 []

[24]

LaTeX Warning: Reference `tab:rc_main_optout_welfare' on page 25 undefined on i
nput line 43.

(../artifacts/tables/mnl_sensitivity_summary.tex)
Overfull \hbox (7.2221pt too wide) in paragraph at lines 52--53
[]\T1/cmr/m/n/10 Table []A.16[] re-ports the MNL pa-ram-e-ter sen-si-tiv-ity re
-sults across low-, medium-
 []

[25] (../artifacts/tables/outside_option_scan_summary.tex)
Overfull \hbox (86.94998pt too wide) in paragraph at lines 63--64
[]\T1/cmr/m/n/10 Table []8[] re-ports the outside-option util-ity scan across f
ive val-ues $\OML/cmm/m/it/10 u[] \OMS/cmsy/m/n/10 2 f^^@\OT1/cmr/m/n/10 1\OML/
cmm/m/it/10 :\OT1/cmr/m/n/10 0\OML/cmm/m/it/10 ; \OMS/cmsy/m/n/10 ^^@\OT1/cmr/m
/n/10 0\OML/cmm/m/it/10 :\OT1/cmr/m/n/10 5\OML/cmm/m/it/10 ; \OT1/cmr/m/n/10 0\
OML/cmm/m/it/10 :\OT1/cmr/m/n/10 0\OML/cmm/m/it/10 ; \OT1/cmr/m/n/10 +0\OML/cmm
/m/it/10 :\OT1/cmr/m/n/10 5\OML/cmm/m/it/10 ; \OT1/cmr/m/n/10 +1\OML/cmm/m/it/1
0 :\OT1/cmr/m/n/10 0\OMS/cmsy/m/n/10 g$
 []

[26] (../artifacts/tables/rc_main_optout_summary.tex
Underfull \hbox (badness 10000) in paragraph at lines 17--17
[]\T1/cmr/m/n/9 strict-filter
 []

)
<../artifacts/figures/rc_main_optout_gap_vs_full.png, id=459, 578.16pt x 325.21
5pt>
File: ../artifacts/figures/rc_main_optout_gap_vs_full.png Graphic file (type pn
g)
<use ../artifacts/figures/rc_main_optout_gap_vs_full.png>
Package pdftex.def Info: ../artifacts/figures/rc_main_optout_gap_vs_full.png  u
sed on input line 78.
(pdftex.def)             Requested size: 310.4979pt x 174.65575pt.
 [27 <../artifacts/figures/rc_main_optout_gap_vs_full.png>]

LaTeX Warning: Reference `tab:profit_decomposition' on page 28 undefined on inp
ut line 82.

(../artifacts/tables/operational_baselines_summary.tex
Underfull \hbox (badness 10000) in paragraph at lines 19--19
[]\T1/cmr/m/n/9 strict-filter
 []


Underfull \hbox (badness 10000) in paragraph at lines 19--19
[]\T1/cmr/m/n/9 insertion-cost
 []


Underfull \hbox (badness 10000) in paragraph at lines 19--19
[]\T1/cmr/m/n/9 minimum-
 []


Underfull \hbox (badness 10000) in paragraph at lines 19--19
[]\T1/cmr/m/n/9 random-top-k
 []

) (../artifacts/tables/austin_main_summary.tex
Underfull \hbox (badness 10000) in paragraph at lines 17--17
[]\T1/cmr/m/n/9 strict-filter
 []

) (../artifacts/tables/seattle_main_summary.tex
Underfull \hbox (badness 10000) in paragraph at lines 17--17
[]\T1/cmr/m/n/9 strict-filter
 []

) (../artifacts/tables/city_impact_summary.tex)
(../artifacts/tables/policy_gap_uncertainty_summary.tex
Underfull \hbox (badness 10000) in paragraph at lines 20--20
[]\T1/cmr/m/n/8 RC outside-
 []


Underfull \hbox (badness 10000) in paragraph at lines 20--20
[]\T1/cmr/m/n/8 RC outside-
 []

) (../artifacts/tables/benchmark_bridge_summary.tex
Underfull \hbox (badness 10000) in paragraph at lines 17--17
[]\T1/cmr/m/n/8 RC outside-
 []

)) (sections/managerial.tex [28]
Overfull \hbox (8.05267pt too wide) in paragraph at lines 7--8
\T1/cmr/m/n/10 mean-ing that nearby meet-ing points---which pas-sen-gers are mo
st likely to accept---
 []

[29]

LaTeX Warning: Reference `tab:profit_decomposition' on page 30 undefined on inp
ut line 11.

) (sections/limitations.tex
Overfull \hbox (4.69238pt too wide) in paragraph at lines 14--1
\T1/cmr/m/n/10 ment con-struc-tion, ETA-informed fil-ter-ing, and common-offset
 pricing---produces
 []

[30] [31] [32]) (sections/conclusion.tex [33]) (main.bbl [34] [35] [36]
[37]) (sections/appendix.tex (../artifacts/tables/mnl_sensitivity_summary.tex)
(../artifacts/tables/filter_validity_summary.tex) [38]
Overfull \hbox (2.88731pt too wide) in paragraph at lines 34--38
 []\T1/cmr/m/it/10 Lambert-W closed form..[] \T1/cmr/m/n/10 When the ob-jec-tiv
e is the ex-pected rev-enue $[][] \OML/cmm/m/it/10 ^^Y[]\OT1/cmr/m/n/10 (\OML/c
mm/m/it/10 ^^N\OT1/cmr/m/n/10 ) \OML/cmm/m/it/10 p[]$
 []

[39]

LaTeX Warning: `h' float specifier changed to `ht'.


LaTeX Warning: `h' float specifier changed to `ht'.

[40] (../artifacts/tables/rc_main_optout_split_gap_table.tex)
(../artifacts/tables/city_split_gap_table.tex)
(../artifacts/tables/city_policy_diagnostic_summary.tex) [41]
Overfull \hbox (60.56001pt too wide) in paragraph at lines 142--161
 [][] 
 []


LaTeX Warning: `h' float specifier changed to `ht'.


Overfull \hbox (1.4154pt too wide) in paragraph at lines 190--190
[]\T1/cmtt/m/n/10 python scripts/build_artifacts.py --study phase29_exact_greed
y_gap[] 
 []


Overfull \hbox (1.4154pt too wide) in paragraph at lines 190--190
[]\T1/cmtt/m/n/10 python scripts/build_artifacts.py --study phase30_robust_filt
ering[] 
 []


Overfull \hbox (6.66412pt too wide) in paragraph at lines 190--190
[]\T1/cmtt/m/n/10 python scripts/build_artifacts.py --study phase31_uptake_menu
_value[] 
 []

[42]) [43] [44] [45] [46] [47] [48] [49] [50] [51] [52] [53] [54] (main.aux)
 ***********
LaTeX2e <2025-11-01>
L3 programming layer <2025-12-24>
 ***********


LaTeX Warning: There were undefined references.


LaTeX Warning: There were multiply-defined labels.

Package rerunfilecheck Info: File `main.out' has not changed.
(rerunfilecheck)             Checksum: 76283A69CB4CC80E4F8D0F9C3544C777;7518.
 ) 
Here is how much of TeX's memory you used:
 11429 strings out of 467871
 181146 string characters out of 5418376
 679737 words of memory out of 5000000
 39886 multiletter control sequences out of 15000+600000
 643221 words of font info for 80 fonts, out of 8000000 for 9000
 1141 hyphenation exceptions out of 8191
 75i,15n,79p,2154b,683s stack positions out of 10000i,1000n,20000p,200000b,200000s
<C:/Users/39583/AppData/Local/Programs/MiKTeX/fonts/type1/public/amsfonts/cm/
cmex10.pfb><C:/Users/39583/AppData/Local/Programs/MiKTeX/fonts/type1/public/ams
fonts/cm/cmmi10.pfb><C:/Users/39583/AppData/Local/Programs/MiKTeX/fonts/type1/p
ublic/amsfonts/cm/cmmi5.pfb><C:/Users/39583/AppData/Local/Programs/MiKTeX/fonts
/type1/public/amsfonts/cm/cmmi6.pfb><C:/Users/39583/AppData/Local/Programs/MiKT
eX/fonts/type1/public/amsfonts/cm/cmmi7.pfb><C:/Users/39583/AppData/Local/Progr
ams/MiKTeX/fonts/type1/public/amsfonts/cm/cmmi8.pfb><C:/Users/39583/AppData/Loc
al/Programs/MiKTeX/fonts/type1/public/amsfonts/cm/cmmi9.pfb><C:/Users/39583/App
Data/Local/Programs/MiKTeX/fonts/type1/public/amsfonts/cm/cmr10.pfb><C:/Users/3
9583/AppData/Local/Programs/MiKTeX/fonts/type1/public/amsfonts/cm/cmr5.pfb><C:/
Users/39583/AppData/Local/Programs/MiKTeX/fonts/type1/public/amsfonts/cm/cmr6.p
fb><C:/Users/39583/AppData/Local/Programs/MiKTeX/fonts/type1/public/amsfonts/cm
/cmr7.pfb><C:/Users/39583/AppData/Local/Programs/MiKTeX/fonts/type1/public/amsf
onts/cm/cmr8.pfb><C:/Users/39583/AppData/Local/Programs/MiKTeX/fonts/type1/publ
ic/amsfonts/cm/cmr9.pfb><C:/Users/39583/AppData/Local/Programs/MiKTeX/fonts/typ
e1/public/amsfonts/cm/cmsy10.pfb><C:/Users/39583/AppData/Local/Programs/MiKTeX/
fonts/type1/public/amsfonts/cm/cmsy5.pfb><C:/Users/39583/AppData/Local/Programs
/MiKTeX/fonts/type1/public/amsfonts/cm/cmsy6.pfb><C:/Users/39583/AppData/Local/
Programs/MiKTeX/fonts/type1/public/amsfonts/cm/cmsy7.pfb><C:/Users/39583/AppDat
a/Local/Programs/MiKTeX/fonts/type1/public/amsfonts/cm/cmsy8.pfb><C:/Users/3958
3/AppData/Local/Programs/MiKTeX/fonts/type1/public/amsfonts/cm/cmsy9.pfb><C:/Us
ers/39583/AppData/Local/Programs/MiKTeX/fonts/type1/public/amsfonts/symbols/msb
m10.pfb><C:/Users/39583/AppData/Local/Programs/MiKTeX/fonts/type1/public/cm-sup
er/sfbx1000.pfb><C:/Users/39583/AppData/Local/Programs/MiKTeX/fonts/type1/publi
c/cm-super/sfrm0500.pfb><C:/Users/39583/AppData/Local/Programs/MiKTeX/fonts/typ
e1/public/cm-super/sfrm0600.pfb><C:/Users/39583/AppData/Local/Programs/MiKTeX/f
onts/type1/public/cm-super/sfrm0700.pfb><C:/Users/39583/AppData/Local/Programs/
MiKTeX/fonts/type1/public/cm-super/sfrm0800.pfb><C:/Users/39583/AppData/Local/P
rograms/MiKTeX/fonts/type1/public/cm-super/sfrm0900.pfb><C:/Users/39583/AppData
/Local/Programs/MiKTeX/fonts/type1/public/cm-super/sfrm1000.pfb><C:/Users/39583
/AppData/Local/Programs/MiKTeX/fonts/type1/public/cm-super/sfrm1440.pfb><C:/Use
rs/39583/AppData/Local/Programs/MiKTeX/fonts/type1/public/cm-super/sfti0600.pfb
><C:/Users/39583/AppData/Local/Programs/MiKTeX/fonts/type1/public/cm-super/sfti
0800.pfb><C:/Users/39583/AppData/Local/Programs/MiKTeX/fonts/type1/public/cm-su
per/sfti1000.pfb><C:/Users/39583/AppData/Local/Programs/MiKTeX/fonts/type1/publ
ic/cm-super/sftt0800.pfb><C:/Users/39583/AppData/Local/Programs/MiKTeX/fonts/ty
pe1/public/cm-super/sftt1000.pfb>
Output written on main.pdf (54 pages, 787451 bytes).
PDF statistics:
 853 PDF objects out of 1000 (max. 8388607)
 189 named destinations out of 1000 (max. 500000)
 326 words of extra memory for PDF output out of 10000 (max. 10000000)

