Module path:  Environments.OOH.Parcelpoint_py Parcelpoint_py
Dynamically loaded from:  <class 'Environments.OOH.Parcelpoint_py.Parcelpoint_py'>

 Note: the HGS python implementation (hygese 0.0.0.8) throws an assertion error for coords<0, you will need to outcomment this check in hygese.py 

Module path:  Environments.OOH.Parcelpoint_py Parcelpoint_py
Dynamically loaded from:  <class 'Environments.OOH.Parcelpoint_py.Parcelpoint_py'>

 Note: the HGS python implementation (hygese 0.0.0.8) throws an assertion error for coords<0, you will need to outcomment this check in hygese.py 

Module path:  Src.Algorithms.SPO SPO
Dynamically loaded from:  <class 'Src.Algorithms.SPO.SPO'>
=====Configurations=====
 Namespace(actor_lr=0.0001, algo_name='SPO', base_util=-2.0, batch_size=128, batch_size_ppo=100, buffer_size=500, clip_service_time=10, clipping_factor=0.2, cool_theta=0.001176470588235294, cool_theta_cnn=0.001176470588235294, critic_lr=0.01, critic_update_epochs=25, data_seed=1, data_seed_test=1, debug=True, dissatisfaction=False, driver_wage=30, dropout=0.05, env_name='Parcelpoint_py', experiment='run', failure_cost=20.0, folder_suffix='default', fourier_coupled=True, fourier_order=3, fraction_capacitated=0.38, fuel_cost=0.6, gamma=0.999, gauss_variance=2, gpu=0, grid_dim=11, hexa=False, hgs_final_time=1.5, hgs_reopt_time=1.1, hiddenActorLayerSize=8, hiddenLayerSize=16, home_failure=0.1, home_util=3.55, incentive_sens=-0.135, init_theta=1.0, init_theta_cnn=1.0, initial_phase_epochs=10, instance='RC', k=19, learning_rate=0.001, linearModel=False, load_data=True, log_output='term_file', max_episodes=10, max_price=6.0, max_steps_p=0.5, max_steps_r=700, min_price=-8.0, n_filters=8, n_input_layers=2, n_vehicles=15, only_phase_one=False, optim='adam', parcelpoint_capacity=50, policy_update_epochs=25, price_home=0.0, price_pp=-0.0, pricing=True, reopt=10000000, revenue=50, save_count=50, save_model=True, save_routes=False, seed=1234, state_lr=0.1, td_lambda=0.95, timestamp='6|29|22:53:24', truck_speed=30, use3d_conv=False, veh_capacity=25)
State space: 4
time required for 10 episodes :2.148113965988159
Inital training phase started...
Epoch 0 Huber loss:: 1835.5742950439453
Epoch 1 Huber loss:: 3125.8334426879883
Epoch 10: weight=0.200, scale=0.060
Epoch 2 Huber loss:: 3531.106206258138
Epoch 3 Huber loss:: 2890.8355674743652
Epoch 20: weight=0.200, scale=0.060
Epoch 4 Huber loss:: 2726.7509490966795
Epoch 5 Huber loss:: 2716.4716466267905
Epoch 6 Huber loss:: 2589.7252131870814
Epoch 30: weight=0.200, scale=0.060
Epoch 7 Huber loss:: 2332.048677921295
Epoch 8 Huber loss:: 2189.4785363939072
Epoch 40: weight=0.200, scale=0.060
Epoch 9 Huber loss:: 2131.6301029205324
... Initial training phase terminated!
Combined loss: 1553.8422, Huber loss: 1733.2599, SPO+ loss: 4606.9453
Combined loss: 1468.9076, Huber loss: 1537.5322, SPO+ loss: 4162.4844
Combined loss: 1308.3027, Huber loss: 1325.3862, SPO+ loss: 3494.3413
Combined loss: 1128.0198, Huber loss: 1137.2385, SPO+ loss: 3015.7104
Combined loss: 928.3262, Huber loss: 906.2971, SPO+ loss: 2364.4854
Combined loss: 768.9669, Huber loss: 717.0782, SPO+ loss: 1842.6437
Combined loss: 572.8873, Huber loss: 496.1546, SPO+ loss: 1316.7695
Combined loss: 454.9453, Huber loss: 375.7339, SPO+ loss: 1006.0712
time required for 10 episodes :94.96723079681396
percentage home delivery:  0.7151069518716577
travel costs:  3590.5600000000004
service costs:  1572.6060000000002
failure costs:  534.9
Avg. Charge:  5.128310550297932 std.:  1.69249949009094
Avg. Discount:  6.886678193213746 std.:  2.0006357236790926
Charge revenue:  731.5535
Discount costs:  1593.2330000000002
total costs:  6559.7455
average travelled by customers:  9460.797747536368
total timing:  316.9918713569641
